
****** Vitis HLS - High-Level Synthesis from C, C++ and OpenCL v2022.1.2 (64-bit)
  **** SW Build 3605665 on Fri Aug  5 22:52:02 MDT 2022
  **** IP Build 3603185 on Sat Aug  6 04:07:44 MDT 2022
    ** Copyright 1986-2022 Xilinx, Inc. All Rights Reserved.

source /tools/software/xilinx/Vitis_HLS/2022.1/scripts/vitis_hls/hls.tcl -notrace
INFO: [HLS 200-10] Running '/tools/software/xilinx/Vitis_HLS/2022.1/bin/unwrapped/lnx64.o/vitis_hls'
INFO: [HLS 200-10] For user 'asumbetla3' on host 'ece-linlabsrv01.ece.gatech.edu' (Linux_x86_64 version 4.18.0-425.19.2.el8_7.x86_64) on Thu May 04 11:23:33 EDT 2023
INFO: [HLS 200-10] On os "Red Hat Enterprise Linux release 8.7 (Ootpa)"
INFO: [HLS 200-10] In directory '/nethome/asumbetla3/FPGA/Project'
Sourcing Tcl script 'script.tcl'
INFO: [HLS 200-1510] Running: source script.tcl
INFO: [HLS 200-1510] Running: open_project proj 
INFO: [HLS 200-10] Opening project '/nethome/asumbetla3/FPGA/Project/proj'.
INFO: [HLS 200-1510] Running: set_top tiled_conv 
INFO: [HLS 200-1510] Running: add_files conv.h 
INFO: [HLS 200-10] Adding design file 'conv.h' to the project
INFO: [HLS 200-1510] Running: add_files utils.cpp 
INFO: [HLS 200-10] Adding design file 'utils.cpp' to the project
INFO: [HLS 200-1510] Running: add_files conv_7x7.cpp 
INFO: [HLS 200-10] Adding design file 'conv_7x7.cpp' to the project
INFO: [HLS 200-1510] Running: add_files tiled_conv.cpp 
INFO: [HLS 200-10] Adding design file 'tiled_conv.cpp' to the project
INFO: [HLS 200-1510] Running: open_solution solution1 -flow_target vivado 
INFO: [HLS 200-10] Opening solution '/nethome/asumbetla3/FPGA/Project/proj/solution1'.
INFO: [SYN 201-201] Setting up clock 'default' with a period of 10ns.
INFO: [HLS 200-1611] Setting target device to 'xc7z020-clg400-1'
INFO: [HLS 200-1505] Using flow_target 'vivado'
Resolution: For help on HLS 200-1505 see www.xilinx.com/cgi-bin/docs/rdoc?v=2022.1;t=hls+guidance;d=200-1505.html
INFO: [HLS 200-1464] Running solution command: config_interface -m_axi_latency=0
INFO: [HLS 200-1510] Running: set_part xc7z020clg400-1 
INFO: [HLS 200-1510] Running: create_clock -period 10 -name default 
INFO: [HLS 200-1510] Running: csynth_design 
INFO: [HLS 200-111] Finished File checks and directory preparation: CPU user time: 0.02 seconds. CPU system time: 0.02 seconds. Elapsed time: 0.18 seconds; current allocated memory: 760.113 MB.
INFO: [HLS 200-10] Analyzing design file 'tiled_conv.cpp' ... 
INFO: [HLS 200-10] Analyzing design file 'conv_7x7.cpp' ... 
INFO: [HLS 200-10] Analyzing design file 'utils.cpp' ... 
INFO: [HLS 200-111] Finished Source Code Analysis and Preprocessing: CPU user time: 15.1 seconds. CPU system time: 2.7 seconds. Elapsed time: 18.3 seconds; current allocated memory: 760.113 MB.
INFO: [HLS 200-777] Using interface defaults for 'Vivado' flow target.
INFO: [HLS 214-291] Loop 'FILTER_DEPTH_CONV' is marked as complete unroll implied by the pipeline pragma (conv_7x7.cpp:69:21)
INFO: [HLS 214-291] Loop 'OUTPUT_HEIGHT_CONV' is marked as complete unroll implied by the pipeline pragma (conv_7x7.cpp:73:25)
INFO: [HLS 214-291] Loop 'INIT_OUTPUT_HEIGHT' is marked as complete unroll implied by the pipeline pragma (conv_7x7.cpp:43:9)
INFO: [HLS 214-291] Loop 'INIT_OUTPUT_DEPTH' is marked as complete unroll implied by the pipeline pragma (conv_7x7.cpp:46:13)
INFO: [HLS 214-186] Unrolling loop 'FILTER_DEPTH_CONV' (conv_7x7.cpp:69:21) in function 'conv_7x7' completely with a factor of 4 (conv_7x7.cpp:17:0)
INFO: [HLS 214-186] Unrolling loop 'OUTPUT_HEIGHT_CONV' (conv_7x7.cpp:73:25) in function 'conv_7x7' completely with a factor of 16 (conv_7x7.cpp:17:0)
INFO: [HLS 214-186] Unrolling loop 'INIT_OUTPUT_HEIGHT' (conv_7x7.cpp:43:9) in function 'conv_7x7' completely with a factor of 16 (conv_7x7.cpp:17:0)
INFO: [HLS 214-186] Unrolling loop 'INIT_OUTPUT_DEPTH' (conv_7x7.cpp:46:13) in function 'conv_7x7' completely with a factor of 4 (conv_7x7.cpp:17:0)
INFO: [HLS 214-178] Inlining function 'load_input_tile_block_from_DRAM(ap_fixed<16, 6, (ap_q_mode)5, (ap_o_mode)3, 0> (*) [33][33], ap_fixed<16, 6, (ap_q_mode)5, (ap_o_mode)3, 0> (*) [416][416], int, int)' into 'tiled_conv(ap_fixed<16, 6, (ap_q_mode)5, (ap_o_mode)3, 0> (*) [416][416], ap_fixed<16, 6, (ap_q_mode)5, (ap_o_mode)3, 0> (*) [3][3][3], ap_fixed<16, 6, (ap_q_mode)5, (ap_o_mode)3, 0>*, ap_fixed<16, 6, (ap_q_mode)5, (ap_o_mode)3, 0> (*) [208][208])' (tiled_conv.cpp:20:0)
INFO: [HLS 214-178] Inlining function 'load_layer_params_from_DRAM(ap_fixed<16, 6, (ap_q_mode)5, (ap_o_mode)3, 0> (*) [3][3][3], ap_fixed<16, 6, (ap_q_mode)5, (ap_o_mode)3, 0>*, ap_fixed<16, 6, (ap_q_mode)5, (ap_o_mode)3, 0> (*) [3][3][3], ap_fixed<16, 6, (ap_q_mode)5, (ap_o_mode)3, 0>*, int)' into 'tiled_conv(ap_fixed<16, 6, (ap_q_mode)5, (ap_o_mode)3, 0> (*) [416][416], ap_fixed<16, 6, (ap_q_mode)5, (ap_o_mode)3, 0> (*) [3][3][3], ap_fixed<16, 6, (ap_q_mode)5, (ap_o_mode)3, 0>*, ap_fixed<16, 6, (ap_q_mode)5, (ap_o_mode)3, 0> (*) [208][208])' (tiled_conv.cpp:20:0)
INFO: [HLS 214-178] Inlining function 'store_output_tile_to_DRAM(ap_fixed<16, 6, (ap_q_mode)5, (ap_o_mode)3, 0> (*) [208][208], ap_fixed<16, 6, (ap_q_mode)5, (ap_o_mode)3, 0> (*) [16][16], int, int, int)' into 'tiled_conv(ap_fixed<16, 6, (ap_q_mode)5, (ap_o_mode)3, 0> (*) [416][416], ap_fixed<16, 6, (ap_q_mode)5, (ap_o_mode)3, 0> (*) [3][3][3], ap_fixed<16, 6, (ap_q_mode)5, (ap_o_mode)3, 0>*, ap_fixed<16, 6, (ap_q_mode)5, (ap_o_mode)3, 0> (*) [208][208])' (tiled_conv.cpp:20:0)
INFO: [HLS 214-248] Applying array_partition to 'conv_in_buf': Complete partitioning on dimension 2. (tiled_conv.cpp:43:7)
INFO: [HLS 214-248] Applying array_partition to 'conv_wt_buf': Complete partitioning on dimension 1. (tiled_conv.cpp:44:10)
INFO: [HLS 214-248] Applying array_partition to 'conv_bias_buf': Complete partitioning on dimension 1. (tiled_conv.cpp:45:10)
INFO: [HLS 214-248] Applying array_partition to 'conv_out_buf': Complete partitioning on dimension 1. Complete partitioning on dimension 2. (tiled_conv.cpp:46:10)
INFO: [HLS 214-241] Aggregating maxi variable 'output_feature_map' with compact=none mode in 16-bits
INFO: [HLS 214-241] Aggregating maxi variable 'layer_bias' with compact=none mode in 16-bits (tiled_conv.cpp:20:0)
INFO: [HLS 214-241] Aggregating maxi variable 'layer_weights' with compact=none mode in 16-bits (tiled_conv.cpp:20:0)
INFO: [HLS 214-241] Aggregating maxi variable 'input_feature_map' with compact=none mode in 16-bits
INFO: [HLS 214-115] Multiple burst reads of length 4 and bit width 16 in loop 'BIAS'(utils.cpp:94:5) has been inferred on bundle 'wt'. These burst requests might be further partitioned into multiple requests during RTL generation, based on max_read_burst_length or max_write_burst_length settings. (utils.cpp:94:5)
INFO: [HLS 200-111] Finished Compiling Optimization and Transform: CPU user time: 5.67 seconds. CPU system time: 0.85 seconds. Elapsed time: 6.79 seconds; current allocated memory: 761.039 MB.
INFO: [HLS 200-111] Finished Checking Pragmas: CPU user time: 0 seconds. CPU system time: 0 seconds. Elapsed time: 0 seconds; current allocated memory: 761.039 MB.
INFO: [HLS 200-10] Starting code transformations ...
INFO: [HLS 200-111] Finished Standard Transforms: CPU user time: 0.28 seconds. CPU system time: 0.01 seconds. Elapsed time: 0.32 seconds; current allocated memory: 771.742 MB.
INFO: [HLS 200-10] Checking synthesizability ...
INFO: [HLS 200-111] Finished Checking Synthesizability: CPU user time: 0.33 seconds. CPU system time: 0.02 seconds. Elapsed time: 0.36 seconds; current allocated memory: 782.293 MB.
INFO: [XFORM 203-510] Pipelining loop 'INPUT_BUFFER_DEPTH' (utils.cpp:38) in function 'tiled_conv' automatically.
INFO: [XFORM 203-510] Pipelining loop 'WEIGHT_KERNEL_DEPTH' (utils.cpp:85) in function 'tiled_conv' automatically.
INFO: [XFORM 203-510] Pipelining loop 'BIAS' (utils.cpp:94) in function 'tiled_conv' automatically.
INFO: [XFORM 203-510] Pipelining loop 'OUTPUT_BUFFER_WIDTH' (utils.cpp:124) in function 'tiled_conv' automatically.
INFO: [XFORM 203-502] Unrolling all sub-loops inside loop 'OUTPUT_BUFFER_WIDTH' (utils.cpp:124) in function 'tiled_conv' for pipelining.
INFO: [HLS 200-489] Unrolling loop 'OUTPUT_BUFFER_DEPTH' (utils.cpp:128) in function 'tiled_conv' completely with a factor of 4.
INFO: [XFORM 203-401] Performing if-conversion on hyperblock from (utils.cpp:124:18) to (utils.cpp:124:9) in function 'tiled_conv'... converting 9 basic blocks.
INFO: [XFORM 203-11] Balancing expressions in function 'tiled_conv' (utils.cpp:15:17)...9 expression(s) balanced.
INFO: [HLS 200-111] Finished Loop, function and other optimizations: CPU user time: 0.87 seconds. CPU system time: 0.04 seconds. Elapsed time: 0.95 seconds; current allocated memory: 820.926 MB.
INFO: [XFORM 203-541] Flattening a loop nest 'INPUT_BUFFER_WIDTH' (utils.cpp:34:18) in function 'tiled_conv'.
INFO: [XFORM 203-541] Flattening a loop nest 'INPUT_BUFFER_HEIGHT' (utils.cpp:31:14) in function 'tiled_conv'.
INFO: [XFORM 203-541] Flattening a loop nest 'WEIGHT_KERNEL_WIDTH' (utils.cpp:81:22) in function 'tiled_conv'.
INFO: [XFORM 203-541] Flattening a loop nest 'WEIGHT_KERNEL_HEIGHT' (utils.cpp:78:18) in function 'tiled_conv'.
INFO: [XFORM 203-541] Flattening a loop nest 'WEIGHT_KERNEL_NUM' (utils.cpp:74:14) in function 'tiled_conv'.
INFO: [XFORM 203-541] Flattening a loop nest 'OUTPUT_BUFFER_HEIGHT' (utils.cpp:121:14) in function 'tiled_conv'.
WARNING: [HLS 200-960] Cannot flatten loop 'KERNEL_GRP' (tiled_conv.cpp:61:22) in function 'tiled_conv' more than one sub loop.
Resolution: For help on HLS 200-960 see www.xilinx.com/cgi-bin/docs/rdoc?v=2022.1;t=hls+guidance;d=200-960.html
WARNING: [HLS 200-960] Cannot flatten loop 'TILE_COL' (tiled_conv.cpp:56:18) in function 'tiled_conv' more than one sub loop.
Resolution: For help on HLS 200-960 see www.xilinx.com/cgi-bin/docs/rdoc?v=2022.1;t=hls+guidance;d=200-960.html
INFO: [XFORM 203-541] Flattening a loop nest 'TILE_ROW' (tiled_conv.cpp:52:14) in function 'tiled_conv'.
INFO: [XFORM 203-541] Flattening a loop nest 'KERNEL_WIDTH_CONV' (conv_7x7.cpp:60:22) in function 'conv_7x7'.
INFO: [XFORM 203-541] Flattening a loop nest 'KERNEL_HEIGHT_CONV' (conv_7x7.cpp:57:18) in function 'conv_7x7'.
WARNING: [HLS 200-960] Cannot flatten loop 'OUTPUT_WIDTH_CONV' (conv_7x7.cpp:54:14) in function 'conv_7x7' the outer loop is not a perfect loop because there is nontrivial logic in the loop latch.
Resolution: For help on HLS 200-960 see www.xilinx.com/cgi-bin/docs/rdoc?v=2022.1;t=hls+guidance;d=200-960.html
INFO: [HLS 200-472] Inferring partial write operation for 'conv_in_buf.V' (utils.cpp:46:40)
INFO: [HLS 200-472] Inferring partial write operation for 'conv_in_buf.V' (utils.cpp:49:40)
INFO: [HLS 200-472] Inferring partial write operation for 'conv_wt_buf.V' (utils.cpp:87:46)
INFO: [HLS 200-472] Inferring partial write operation for 'Y_buf_0_0' 
INFO: [HLS 200-472] Inferring partial write operation for 'Y_buf_0_0' (conv_7x7.cpp:48:32)
INFO: [HLS 200-111] Finished Architecture Synthesis: CPU user time: 0.67 seconds. CPU system time: 0.04 seconds. Elapsed time: 0.78 seconds; current allocated memory: 890.734 MB.
INFO: [HLS 200-10] Starting hardware synthesis ...
INFO: [HLS 200-10] Synthesizing 'tiled_conv' ...
INFO: [HLS 200-10] ----------------------------------------------------------------
INFO: [HLS 200-42] -- Implementing module 'tiled_conv_Pipeline_INPUT_BUFFER_HEIGHT_INPUT_BUFFER_WIDTH_INPUT_BUFFER_DEPTH' 
INFO: [HLS 200-10] ----------------------------------------------------------------
INFO: [SCHED 204-11] Starting scheduling ...
INFO: [HLS 200-486] Changing DSP latency (root=mul_ln31) to 3 in order to utilize available DSP registers.
INFO: [HLS 200-486] Changing DSP latency (root=mul_ln49) to 3 in order to utilize available DSP registers.
INFO: [SCHED 204-61] Pipelining loop 'INPUT_BUFFER_HEIGHT_INPUT_BUFFER_WIDTH_INPUT_BUFFER_DEPTH'.
INFO: [HLS 200-1470] Pipelining result : Target II = NA, Final II = 1, Depth = 15, loop 'INPUT_BUFFER_HEIGHT_INPUT_BUFFER_WIDTH_INPUT_BUFFER_DEPTH'
INFO: [SCHED 204-11] Finished scheduling.
INFO: [HLS 200-111] Finished Scheduling: CPU user time: 0.37 seconds. CPU system time: 0.06 seconds. Elapsed time: 0.48 seconds; current allocated memory: 899.559 MB.
INFO: [BIND 205-100] Starting micro-architecture generation ...
INFO: [BIND 205-101] Performing variable lifetime analysis.
INFO: [BIND 205-101] Exploring resource sharing.
INFO: [BIND 205-101] Binding ...
INFO: [BIND 205-100] Finished micro-architecture generation.
INFO: [HLS 200-111] Finished Binding: CPU user time: 0.17 seconds. CPU system time: 0.01 seconds. Elapsed time: 0.22 seconds; current allocated memory: 899.559 MB.
INFO: [HLS 200-10] ----------------------------------------------------------------
INFO: [HLS 200-42] -- Implementing module 'tiled_conv_Pipeline_WEIGHT_KERNEL_NUM_WEIGHT_KERNEL_WIDTH_WEIGHT_KERNEL_DEPTH' 
INFO: [HLS 200-10] ----------------------------------------------------------------
INFO: [SCHED 204-11] Starting scheduling ...
INFO: [SCHED 204-61] Pipelining loop 'WEIGHT_KERNEL_NUM_WEIGHT_KERNEL_WIDTH_WEIGHT_KERNEL_DEPTH'.
INFO: [HLS 200-1470] Pipelining result : Target II = NA, Final II = 1, Depth = 12, loop 'WEIGHT_KERNEL_NUM_WEIGHT_KERNEL_WIDTH_WEIGHT_KERNEL_DEPTH'
INFO: [SCHED 204-11] Finished scheduling.
INFO: [HLS 200-111] Finished Scheduling: CPU user time: 0.32 seconds. CPU system time: 0 seconds. Elapsed time: 0.37 seconds; current allocated memory: 899.559 MB.
INFO: [BIND 205-100] Starting micro-architecture generation ...
INFO: [BIND 205-101] Performing variable lifetime analysis.
INFO: [BIND 205-101] Exploring resource sharing.
INFO: [BIND 205-101] Binding ...
INFO: [BIND 205-100] Finished micro-architecture generation.
INFO: [HLS 200-111] Finished Binding: CPU user time: 0.14 seconds. CPU system time: 0 seconds. Elapsed time: 0.17 seconds; current allocated memory: 899.559 MB.
INFO: [HLS 200-10] ----------------------------------------------------------------
INFO: [HLS 200-42] -- Implementing module 'tiled_conv_Pipeline_BIAS' 
INFO: [HLS 200-10] ----------------------------------------------------------------
INFO: [SCHED 204-11] Starting scheduling ...
INFO: [SCHED 204-61] Pipelining loop 'BIAS'.
INFO: [HLS 200-1470] Pipelining result : Target II = NA, Final II = 1, Depth = 3, loop 'BIAS'
INFO: [SCHED 204-11] Finished scheduling.
INFO: [HLS 200-111] Finished Scheduling: CPU user time: 0.22 seconds. CPU system time: 0.01 seconds. Elapsed time: 0.25 seconds; current allocated memory: 899.559 MB.
INFO: [BIND 205-100] Starting micro-architecture generation ...
INFO: [BIND 205-101] Performing variable lifetime analysis.
INFO: [BIND 205-101] Exploring resource sharing.
INFO: [BIND 205-101] Binding ...
INFO: [BIND 205-100] Finished micro-architecture generation.
INFO: [HLS 200-111] Finished Binding: CPU user time: 0.03 seconds. CPU system time: 0 seconds. Elapsed time: 0.06 seconds; current allocated memory: 899.559 MB.
INFO: [HLS 200-10] ----------------------------------------------------------------
INFO: [HLS 200-42] -- Implementing module 'conv_7x7_Pipeline_INIT_OUTPUT_WIDTH' 
INFO: [HLS 200-10] ----------------------------------------------------------------
INFO: [SCHED 204-11] Starting scheduling ...
INFO: [SCHED 204-61] Pipelining loop 'INIT_OUTPUT_WIDTH'.
INFO: [HLS 200-1470] Pipelining result : Target II = 1, Final II = 1, Depth = 1, loop 'INIT_OUTPUT_WIDTH'
INFO: [SCHED 204-11] Finished scheduling.
INFO: [HLS 200-111] Finished Scheduling: CPU user time: 0.11 seconds. CPU system time: 0.01 seconds. Elapsed time: 0.15 seconds; current allocated memory: 899.559 MB.
INFO: [BIND 205-100] Starting micro-architecture generation ...
INFO: [BIND 205-101] Performing variable lifetime analysis.
INFO: [BIND 205-101] Exploring resource sharing.
INFO: [BIND 205-101] Binding ...
INFO: [BIND 205-100] Finished micro-architecture generation.
INFO: [HLS 200-111] Finished Binding: CPU user time: 0.04 seconds. CPU system time: 0 seconds. Elapsed time: 0.07 seconds; current allocated memory: 899.559 MB.
INFO: [HLS 200-10] ----------------------------------------------------------------
INFO: [HLS 200-42] -- Implementing module 'conv_7x7_Pipeline_KERNEL_HEIGHT_CONV_KERNEL_WIDTH_CONV_INPUT_DEPTH_CONV' 
INFO: [HLS 200-10] ----------------------------------------------------------------
INFO: [SCHED 204-11] Starting scheduling ...
INFO: [HLS 200-486] Changing DSP latency (root=mul_ln1393_63) to 3 in order to utilize available DSP registers.
INFO: [HLS 200-486] Changing DSP latency (root=mul_ln1393_62) to 3 in order to utilize available DSP registers.
INFO: [HLS 200-486] Changing DSP latency (root=mul_ln1393_61) to 3 in order to utilize available DSP registers.
INFO: [HLS 200-486] Changing DSP latency (root=mul_ln1393_60) to 3 in order to utilize available DSP registers.
INFO: [HLS 200-486] Changing DSP latency (root=mul_ln1393_59) to 3 in order to utilize available DSP registers.
INFO: [HLS 200-486] Changing DSP latency (root=mul_ln1393_58) to 3 in order to utilize available DSP registers.
INFO: [HLS 200-486] Changing DSP latency (root=mul_ln1393_57) to 3 in order to utilize available DSP registers.
INFO: [HLS 200-486] Changing DSP latency (root=mul_ln1393_56) to 3 in order to utilize available DSP registers.
INFO: [HLS 200-486] Changing DSP latency (root=mul_ln1393_55) to 3 in order to utilize available DSP registers.
INFO: [HLS 200-486] Changing DSP latency (root=mul_ln1393_54) to 3 in order to utilize available DSP registers.
INFO: [HLS 200-486] Changing DSP latency (root=mul_ln1393_53) to 3 in order to utilize available DSP registers.
INFO: [HLS 200-486] Changing DSP latency (root=mul_ln1393_52) to 3 in order to utilize available DSP registers.
INFO: [HLS 200-486] Changing DSP latency (root=mul_ln1393_51) to 3 in order to utilize available DSP registers.
INFO: [HLS 200-486] Changing DSP latency (root=mul_ln1393_50) to 3 in order to utilize available DSP registers.
INFO: [HLS 200-486] Changing DSP latency (root=mul_ln1393_49) to 3 in order to utilize available DSP registers.
INFO: [HLS 200-486] Changing DSP latency (root=mul_ln1393_48) to 3 in order to utilize available DSP registers.
INFO: [HLS 200-486] Changing DSP latency (root=mul_ln1393_47) to 3 in order to utilize available DSP registers.
INFO: [HLS 200-486] Changing DSP latency (root=mul_ln1393_46) to 3 in order to utilize available DSP registers.
INFO: [HLS 200-486] Changing DSP latency (root=mul_ln1393_45) to 3 in order to utilize available DSP registers.
INFO: [HLS 200-486] Changing DSP latency (root=mul_ln1393_44) to 3 in order to utilize available DSP registers.
INFO: [HLS 200-486] Changing DSP latency (root=mul_ln1393_43) to 3 in order to utilize available DSP registers.
INFO: [HLS 200-486] Changing DSP latency (root=mul_ln1393_42) to 3 in order to utilize available DSP registers.
INFO: [HLS 200-486] Changing DSP latency (root=mul_ln1393_41) to 3 in order to utilize available DSP registers.
INFO: [HLS 200-486] Changing DSP latency (root=mul_ln1393_40) to 3 in order to utilize available DSP registers.
INFO: [HLS 200-486] Changing DSP latency (root=mul_ln1393_39) to 3 in order to utilize available DSP registers.
INFO: [HLS 200-486] Changing DSP latency (root=mul_ln1393_38) to 3 in order to utilize available DSP registers.
INFO: [HLS 200-486] Changing DSP latency (root=mul_ln1393_37) to 3 in order to utilize available DSP registers.
INFO: [HLS 200-486] Changing DSP latency (root=mul_ln1393_36) to 3 in order to utilize available DSP registers.
INFO: [HLS 200-486] Changing DSP latency (root=mul_ln1393_35) to 3 in order to utilize available DSP registers.
INFO: [HLS 200-486] Changing DSP latency (root=mul_ln1393_34) to 3 in order to utilize available DSP registers.
INFO: [HLS 200-486] Changing DSP latency (root=mul_ln1393_33) to 3 in order to utilize available DSP registers.
INFO: [HLS 200-486] Changing DSP latency (root=mul_ln1393_32) to 3 in order to utilize available DSP registers.
INFO: [HLS 200-486] Changing DSP latency (root=mul_ln1393_31) to 3 in order to utilize available DSP registers.
INFO: [HLS 200-486] Changing DSP latency (root=mul_ln1393_30) to 3 in order to utilize available DSP registers.
INFO: [HLS 200-486] Changing DSP latency (root=mul_ln1393_29) to 3 in order to utilize available DSP registers.
INFO: [HLS 200-486] Changing DSP latency (root=mul_ln1393_28) to 3 in order to utilize available DSP registers.
INFO: [HLS 200-486] Changing DSP latency (root=mul_ln1393_27) to 3 in order to utilize available DSP registers.
INFO: [HLS 200-486] Changing DSP latency (root=mul_ln1393_26) to 3 in order to utilize available DSP registers.
INFO: [HLS 200-486] Changing DSP latency (root=mul_ln1393_25) to 3 in order to utilize available DSP registers.
INFO: [HLS 200-486] Changing DSP latency (root=mul_ln1393_24) to 3 in order to utilize available DSP registers.
INFO: [HLS 200-486] Changing DSP latency (root=mul_ln1393_23) to 3 in order to utilize available DSP registers.
INFO: [HLS 200-486] Changing DSP latency (root=mul_ln1393_22) to 3 in order to utilize available DSP registers.
INFO: [HLS 200-486] Changing DSP latency (root=mul_ln1393_21) to 3 in order to utilize available DSP registers.
INFO: [HLS 200-486] Changing DSP latency (root=mul_ln1393_20) to 3 in order to utilize available DSP registers.
INFO: [HLS 200-486] Changing DSP latency (root=mul_ln1393_19) to 3 in order to utilize available DSP registers.
INFO: [HLS 200-486] Changing DSP latency (root=mul_ln1393_18) to 3 in order to utilize available DSP registers.
INFO: [HLS 200-486] Changing DSP latency (root=mul_ln1393_17) to 3 in order to utilize available DSP registers.
INFO: [HLS 200-486] Changing DSP latency (root=mul_ln1393_16) to 3 in order to utilize available DSP registers.
INFO: [HLS 200-486] Changing DSP latency (root=mul_ln1393_15) to 3 in order to utilize available DSP registers.
INFO: [HLS 200-486] Changing DSP latency (root=mul_ln1393_14) to 3 in order to utilize available DSP registers.
INFO: [HLS 200-486] Changing DSP latency (root=mul_ln1393_13) to 3 in order to utilize available DSP registers.
INFO: [HLS 200-486] Changing DSP latency (root=mul_ln1393_12) to 3 in order to utilize available DSP registers.
INFO: [HLS 200-486] Changing DSP latency (root=mul_ln1393_11) to 3 in order to utilize available DSP registers.
INFO: [HLS 200-486] Changing DSP latency (root=mul_ln1393_10) to 3 in order to utilize available DSP registers.
INFO: [HLS 200-486] Changing DSP latency (root=mul_ln1393_9) to 3 in order to utilize available DSP registers.
INFO: [HLS 200-486] Changing DSP latency (root=mul_ln1393_8) to 3 in order to utilize available DSP registers.
INFO: [HLS 200-486] Changing DSP latency (root=mul_ln1393_7) to 3 in order to utilize available DSP registers.
INFO: [HLS 200-486] Changing DSP latency (root=mul_ln1393_6) to 3 in order to utilize available DSP registers.
INFO: [HLS 200-486] Changing DSP latency (root=mul_ln1393_5) to 3 in order to utilize available DSP registers.
INFO: [HLS 200-486] Changing DSP latency (root=mul_ln1393_4) to 3 in order to utilize available DSP registers.
INFO: [HLS 200-486] Changing DSP latency (root=mul_ln1393_3) to 3 in order to utilize available DSP registers.
INFO: [HLS 200-486] Changing DSP latency (root=mul_ln1393_2) to 3 in order to utilize available DSP registers.
INFO: [HLS 200-486] Changing DSP latency (root=mul_ln1393_1) to 3 in order to utilize available DSP registers.
INFO: [HLS 200-486] Changing DSP latency (root=mul_ln1393) to 3 in order to utilize available DSP registers.
INFO: [SCHED 204-61] Pipelining loop 'KERNEL_HEIGHT_CONV_KERNEL_WIDTH_CONV_INPUT_DEPTH_CONV'.
INFO: [HLS 200-1470] Pipelining result : Target II = 1, Final II = 1, Depth = 6, loop 'KERNEL_HEIGHT_CONV_KERNEL_WIDTH_CONV_INPUT_DEPTH_CONV'
INFO: [SCHED 204-11] Finished scheduling.
INFO: [HLS 200-111] Finished Scheduling: CPU user time: 0.61 seconds. CPU system time: 0.03 seconds. Elapsed time: 0.91 seconds; current allocated memory: 904.371 MB.
INFO: [BIND 205-100] Starting micro-architecture generation ...
INFO: [BIND 205-101] Performing variable lifetime analysis.
INFO: [BIND 205-101] Exploring resource sharing.
INFO: [BIND 205-101] Binding ...
INFO: [BIND 205-100] Finished micro-architecture generation.
INFO: [HLS 200-111] Finished Binding: CPU user time: 0.2 seconds. CPU system time: 0.01 seconds. Elapsed time: 0.26 seconds; current allocated memory: 904.371 MB.
INFO: [HLS 200-10] ----------------------------------------------------------------
INFO: [HLS 200-42] -- Implementing module 'conv_7x7' 
INFO: [HLS 200-10] ----------------------------------------------------------------
INFO: [SCHED 204-11] Starting scheduling ...
INFO: [SCHED 204-11] Finished scheduling.
INFO: [HLS 200-111] Finished Scheduling: CPU user time: 0.43 seconds. CPU system time: 0.01 seconds. Elapsed time: 0.52 seconds; current allocated memory: 906.152 MB.
INFO: [BIND 205-100] Starting micro-architecture generation ...
INFO: [BIND 205-101] Performing variable lifetime analysis.
INFO: [BIND 205-101] Exploring resource sharing.
INFO: [BIND 205-101] Binding ...
INFO: [BIND 205-100] Finished micro-architecture generation.
INFO: [HLS 200-111] Finished Binding: CPU user time: 0.17 seconds. CPU system time: 0.01 seconds. Elapsed time: 0.22 seconds; current allocated memory: 906.152 MB.
INFO: [HLS 200-10] ----------------------------------------------------------------
INFO: [HLS 200-42] -- Implementing module 'tiled_conv_Pipeline_OUTPUT_BUFFER_HEIGHT_OUTPUT_BUFFER_WIDTH' 
INFO: [HLS 200-10] ----------------------------------------------------------------
INFO: [SCHED 204-11] Starting scheduling ...
INFO: [HLS 200-486] Changing DSP latency (root=mul_ln1319_3) to 3 in order to utilize available DSP registers.
INFO: [HLS 200-486] Changing DSP latency (root=mul_ln1319_2) to 3 in order to utilize available DSP registers.
INFO: [HLS 200-486] Changing DSP latency (root=mul_ln1319_1) to 3 in order to utilize available DSP registers.
INFO: [HLS 200-486] Changing DSP latency (root=mul_ln1319) to 3 in order to utilize available DSP registers.
INFO: [SCHED 204-61] Pipelining loop 'OUTPUT_BUFFER_HEIGHT_OUTPUT_BUFFER_WIDTH'.
WARNING: [HLS 200-885] The II Violation in module 'tiled_conv_Pipeline_OUTPUT_BUFFER_HEIGHT_OUTPUT_BUFFER_WIDTH' (loop 'OUTPUT_BUFFER_HEIGHT_OUTPUT_BUFFER_WIDTH'): Unable to schedule bus request operation ('fm_addr_2_req', utils.cpp:143) on port 'fm' (utils.cpp:143) due to limited memory ports (II = 1). Please consider using a memory core with more ports or partitioning the array.
Resolution: For help on HLS 200-885 see www.xilinx.com/cgi-bin/docs/rdoc?v=2022.1;t=hls+guidance;d=200-885.html
WARNING: [HLS 200-885] The II Violation in module 'tiled_conv_Pipeline_OUTPUT_BUFFER_HEIGHT_OUTPUT_BUFFER_WIDTH' (loop 'OUTPUT_BUFFER_HEIGHT_OUTPUT_BUFFER_WIDTH'): Unable to schedule bus request operation ('fm_addr_3_req', utils.cpp:143) on port 'fm' (utils.cpp:143) due to limited memory ports (II = 2). Please consider using a memory core with more ports or partitioning the array.
Resolution: For help on HLS 200-885 see www.xilinx.com/cgi-bin/docs/rdoc?v=2022.1;t=hls+guidance;d=200-885.html
WARNING: [HLS 200-885] The II Violation in module 'tiled_conv_Pipeline_OUTPUT_BUFFER_HEIGHT_OUTPUT_BUFFER_WIDTH' (loop 'OUTPUT_BUFFER_HEIGHT_OUTPUT_BUFFER_WIDTH'): Unable to schedule bus request operation ('fm_addr_4_req', utils.cpp:143) on port 'fm' (utils.cpp:143) due to limited memory ports (II = 3). Please consider using a memory core with more ports or partitioning the array.
Resolution: For help on HLS 200-885 see www.xilinx.com/cgi-bin/docs/rdoc?v=2022.1;t=hls+guidance;d=200-885.html
INFO: [HLS 200-1470] Pipelining result : Target II = NA, Final II = 4, Depth = 14, loop 'OUTPUT_BUFFER_HEIGHT_OUTPUT_BUFFER_WIDTH'
INFO: [SCHED 204-11] Finished scheduling.
INFO: [HLS 200-111] Finished Scheduling: CPU user time: 0.57 seconds. CPU system time: 0.01 seconds. Elapsed time: 0.65 seconds; current allocated memory: 908.375 MB.
INFO: [BIND 205-100] Starting micro-architecture generation ...
INFO: [BIND 205-101] Performing variable lifetime analysis.
INFO: [BIND 205-101] Exploring resource sharing.
INFO: [BIND 205-101] Binding ...
INFO: [BIND 205-100] Finished micro-architecture generation.
INFO: [HLS 200-111] Finished Binding: CPU user time: 0.15 seconds. CPU system time: 0.01 seconds. Elapsed time: 0.19 seconds; current allocated memory: 908.535 MB.
INFO: [HLS 200-10] ----------------------------------------------------------------
INFO: [HLS 200-42] -- Implementing module 'tiled_conv' 
INFO: [HLS 200-10] ----------------------------------------------------------------
INFO: [SCHED 204-11] Starting scheduling ...
INFO: [HLS 200-486] Changing DSP latency (root=mul_ln141_2) to 3 in order to utilize available DSP registers.
INFO: [HLS 200-486] Changing DSP latency (root=mul_ln141_1) to 3 in order to utilize available DSP registers.
INFO: [HLS 200-486] Changing DSP latency (root=mul_ln141) to 3 in order to utilize available DSP registers.
INFO: [SCHED 204-11] Finished scheduling.
INFO: [HLS 200-111] Finished Scheduling: CPU user time: 0.25 seconds. CPU system time: 0 seconds. Elapsed time: 0.3 seconds; current allocated memory: 909.691 MB.
INFO: [BIND 205-100] Starting micro-architecture generation ...
INFO: [BIND 205-101] Performing variable lifetime analysis.
INFO: [BIND 205-101] Exploring resource sharing.
INFO: [BIND 205-101] Binding ...
INFO: [BIND 205-100] Finished micro-architecture generation.
INFO: [HLS 200-111] Finished Binding: CPU user time: 0.31 seconds. CPU system time: 0.01 seconds. Elapsed time: 0.36 seconds; current allocated memory: 910.105 MB.
INFO: [HLS 200-10] ----------------------------------------------------------------
INFO: [HLS 200-10] -- Generating RTL for module 'tiled_conv_Pipeline_INPUT_BUFFER_HEIGHT_INPUT_BUFFER_WIDTH_INPUT_BUFFER_DEPTH' 
INFO: [HLS 200-10] ----------------------------------------------------------------
INFO: [HLS 200-1030] Apply Unified Pipeline Control on module 'tiled_conv_Pipeline_INPUT_BUFFER_HEIGHT_INPUT_BUFFER_WIDTH_INPUT_BUFFER_DEPTH' pipeline 'INPUT_BUFFER_HEIGHT_INPUT_BUFFER_WIDTH_INPUT_BUFFER_DEPTH' pipeline type 'loop pipeline'
INFO: [RTGEN 206-100] Generating core module 'mac_muladd_2ns_19ns_11s_21_4_1': 1 instance(s).
INFO: [RTGEN 206-100] Generating core module 'mul_mul_9ns_10ns_19_4_1': 1 instance(s).
INFO: [RTGEN 206-100] Finished creating RTL model for 'tiled_conv_Pipeline_INPUT_BUFFER_HEIGHT_INPUT_BUFFER_WIDTH_INPUT_BUFFER_DEPTH'.
INFO: [HLS 200-111] Finished Creating RTL model: CPU user time: 0.67 seconds. CPU system time: 0.01 seconds. Elapsed time: 0.73 seconds; current allocated memory: 912.422 MB.
INFO: [HLS 200-10] ----------------------------------------------------------------
INFO: [HLS 200-10] -- Generating RTL for module 'tiled_conv_Pipeline_WEIGHT_KERNEL_NUM_WEIGHT_KERNEL_WIDTH_WEIGHT_KERNEL_DEPTH' 
INFO: [HLS 200-10] ----------------------------------------------------------------
INFO: [HLS 200-1030] Apply Unified Pipeline Control on module 'tiled_conv_Pipeline_WEIGHT_KERNEL_NUM_WEIGHT_KERNEL_WIDTH_WEIGHT_KERNEL_DEPTH' pipeline 'WEIGHT_KERNEL_NUM_WEIGHT_KERNEL_WIDTH_WEIGHT_KERNEL_DEPTH' pipeline type 'loop pipeline'
INFO: [RTGEN 206-100] Generating core module 'mul_5ns_7ns_11_1_1': 2 instance(s).
INFO: [RTGEN 206-100] Finished creating RTL model for 'tiled_conv_Pipeline_WEIGHT_KERNEL_NUM_WEIGHT_KERNEL_WIDTH_WEIGHT_KERNEL_DEPTH'.
INFO: [HLS 200-111] Finished Creating RTL model: CPU user time: 0.74 seconds. CPU system time: 0.03 seconds. Elapsed time: 0.83 seconds; current allocated memory: 919.480 MB.
INFO: [HLS 200-10] ----------------------------------------------------------------
INFO: [HLS 200-10] -- Generating RTL for module 'tiled_conv_Pipeline_BIAS' 
INFO: [HLS 200-10] ----------------------------------------------------------------
INFO: [HLS 200-1030] Apply Unified Pipeline Control on module 'tiled_conv_Pipeline_BIAS' pipeline 'BIAS' pipeline type 'loop pipeline'
WARNING: [RTGEN 206-101] Setting dangling out port 'tiled_conv_Pipeline_BIAS/m_axi_wt_ARVALID' to 0.
WARNING: [RTGEN 206-101] Setting dangling out port 'tiled_conv_Pipeline_BIAS/m_axi_wt_ARADDR' to 0.
WARNING: [RTGEN 206-101] Setting dangling out port 'tiled_conv_Pipeline_BIAS/m_axi_wt_ARID' to 0.
WARNING: [RTGEN 206-101] Setting dangling out port 'tiled_conv_Pipeline_BIAS/m_axi_wt_ARLEN' to 0.
WARNING: [RTGEN 206-101] Setting dangling out port 'tiled_conv_Pipeline_BIAS/m_axi_wt_ARSIZE' to 0.
WARNING: [RTGEN 206-101] Setting dangling out port 'tiled_conv_Pipeline_BIAS/m_axi_wt_ARBURST' to 0.
WARNING: [RTGEN 206-101] Setting dangling out port 'tiled_conv_Pipeline_BIAS/m_axi_wt_ARLOCK' to 0.
WARNING: [RTGEN 206-101] Setting dangling out port 'tiled_conv_Pipeline_BIAS/m_axi_wt_ARCACHE' to 0.
WARNING: [RTGEN 206-101] Setting dangling out port 'tiled_conv_Pipeline_BIAS/m_axi_wt_ARPROT' to 0.
WARNING: [RTGEN 206-101] Setting dangling out port 'tiled_conv_Pipeline_BIAS/m_axi_wt_ARQOS' to 0.
WARNING: [RTGEN 206-101] Setting dangling out port 'tiled_conv_Pipeline_BIAS/m_axi_wt_ARREGION' to 0.
WARNING: [RTGEN 206-101] Setting dangling out port 'tiled_conv_Pipeline_BIAS/m_axi_wt_ARUSER' to 0.
INFO: [RTGEN 206-100] Finished creating RTL model for 'tiled_conv_Pipeline_BIAS'.
INFO: [HLS 200-111] Finished Creating RTL model: CPU user time: 0.54 seconds. CPU system time: 0.02 seconds. Elapsed time: 0.66 seconds; current allocated memory: 921.430 MB.
INFO: [HLS 200-10] ----------------------------------------------------------------
INFO: [HLS 200-10] -- Generating RTL for module 'conv_7x7_Pipeline_INIT_OUTPUT_WIDTH' 
INFO: [HLS 200-10] ----------------------------------------------------------------
INFO: [RTGEN 206-100] Finished creating RTL model for 'conv_7x7_Pipeline_INIT_OUTPUT_WIDTH'.
INFO: [HLS 200-111] Finished Creating RTL model: CPU user time: 0.09 seconds. CPU system time: 0.01 seconds. Elapsed time: 0.15 seconds; current allocated memory: 923.328 MB.
INFO: [HLS 200-10] ----------------------------------------------------------------
INFO: [HLS 200-10] -- Generating RTL for module 'conv_7x7_Pipeline_KERNEL_HEIGHT_CONV_KERNEL_WIDTH_CONV_INPUT_DEPTH_CONV' 
INFO: [HLS 200-10] ----------------------------------------------------------------
INFO: [HLS 200-1030] Apply Unified Pipeline Control on module 'conv_7x7_Pipeline_KERNEL_HEIGHT_CONV_KERNEL_WIDTH_CONV_INPUT_DEPTH_CONV' pipeline 'KERNEL_HEIGHT_CONV_KERNEL_WIDTH_CONV_INPUT_DEPTH_CONV' pipeline type 'loop pipeline'
INFO: [RTGEN 206-100] Generating core module 'mac_muladd_16s_16s_26ns_26_4_1': 64 instance(s).
INFO: [RTGEN 206-100] Generating core module 'mux_32_16_1_1': 16 instance(s).
INFO: [RTGEN 206-100] Finished creating RTL model for 'conv_7x7_Pipeline_KERNEL_HEIGHT_CONV_KERNEL_WIDTH_CONV_INPUT_DEPTH_CONV'.
INFO: [HLS 200-111] Finished Creating RTL model: CPU user time: 0.26 seconds. CPU system time: 0.03 seconds. Elapsed time: 0.36 seconds; current allocated memory: 932.223 MB.
INFO: [HLS 200-10] ----------------------------------------------------------------
INFO: [HLS 200-10] -- Generating RTL for module 'conv_7x7' 
INFO: [HLS 200-10] ----------------------------------------------------------------
INFO: [RTGEN 206-100] Finished creating RTL model for 'conv_7x7'.
INFO: [HLS 200-111] Finished Creating RTL model: CPU user time: 0.72 seconds. CPU system time: 0.05 seconds. Elapsed time: 0.88 seconds; current allocated memory: 949.781 MB.
INFO: [HLS 200-10] ----------------------------------------------------------------
INFO: [HLS 200-10] -- Generating RTL for module 'tiled_conv_Pipeline_OUTPUT_BUFFER_HEIGHT_OUTPUT_BUFFER_WIDTH' 
INFO: [HLS 200-10] ----------------------------------------------------------------
INFO: [HLS 200-1030] Apply Unified Pipeline Control on module 'tiled_conv_Pipeline_OUTPUT_BUFFER_HEIGHT_OUTPUT_BUFFER_WIDTH' pipeline 'OUTPUT_BUFFER_HEIGHT_OUTPUT_BUFFER_WIDTH' pipeline type 'loop pipeline'
INFO: [RTGEN 206-100] Generating core module 'mul_8ns_10ns_17_1_1': 1 instance(s).
INFO: [RTGEN 206-100] Generating core module 'mul_mul_16s_7ns_24_4_1': 4 instance(s).
INFO: [RTGEN 206-100] Generating core module 'mux_165_16_1_1': 4 instance(s).
INFO: [RTGEN 206-100] Finished creating RTL model for 'tiled_conv_Pipeline_OUTPUT_BUFFER_HEIGHT_OUTPUT_BUFFER_WIDTH'.
INFO: [HLS 200-111] Finished Creating RTL model: CPU user time: 0.52 seconds. CPU system time: 0.03 seconds. Elapsed time: 0.66 seconds; current allocated memory: 959.656 MB.
INFO: [HLS 200-10] ----------------------------------------------------------------
INFO: [HLS 200-10] -- Generating RTL for module 'tiled_conv' 
INFO: [HLS 200-10] ----------------------------------------------------------------
WARNING: [RTGEN 206-101] Design contains AXI ports. Reset is fixed to synchronous and active low.
INFO: [RTGEN 206-500] Setting interface mode on port 'tiled_conv/fm' to 'm_axi'.
INFO: [RTGEN 206-500] Setting interface mode on port 'tiled_conv/wt' to 'm_axi'.
INFO: [RTGEN 206-500] Setting interface mode on port 'tiled_conv/input_feature_map' to 's_axilite & ap_none'.
INFO: [RTGEN 206-500] Setting interface mode on port 'tiled_conv/layer_weights' to 's_axilite & ap_none'.
INFO: [RTGEN 206-500] Setting interface mode on port 'tiled_conv/layer_bias' to 's_axilite & ap_none'.
INFO: [RTGEN 206-500] Setting interface mode on port 'tiled_conv/output_feature_map' to 's_axilite & ap_none'.
INFO: [RTGEN 206-500] Setting interface mode on function 'tiled_conv' to 's_axilite & ap_ctrl_hs'.
INFO: [RTGEN 206-100] Bundling port 'input_feature_map', 'layer_weights', 'layer_bias', 'output_feature_map' and 'return' to AXI-Lite port control.
INFO: [RTGEN 206-100] Generating core module 'mul_mul_5ns_17ns_22_4_1': 3 instance(s).
INFO: [RTGEN 206-100] Finished creating RTL model for 'tiled_conv'.
INFO: [HLS 200-111] Finished Creating RTL model: CPU user time: 0.51 seconds. CPU system time: 0.03 seconds. Elapsed time: 0.68 seconds; current allocated memory: 971.855 MB.
INFO: [RTMG 210-278] Implementing memory 'tiled_conv_conv_in_buf_V_RAM_AUTO_1R1W_ram (RAM)' using auto RAMs.
INFO: [RTMG 210-278] Implementing memory 'tiled_conv_conv_wt_buf_V_RAM_AUTO_1R1W_ram (RAM)' using auto RAMs.
INFO: [RTMG 210-278] Implementing memory 'tiled_conv_conv_out_buf_0_0_RAM_AUTO_1R1W_ram (RAM)' using auto RAMs.
INFO: [HLS 200-111] Finished Generating all RTL models: CPU user time: 2.18 seconds. CPU system time: 0.24 seconds. Elapsed time: 3.95 seconds; current allocated memory: 981.289 MB.
INFO: [HLS 200-1603] Design has inferred MAXI bursts and missed bursts, see Vitis HLS GUI synthesis summary report for detailed information.
INFO: [HLS 200-111] Finished Updating report files: CPU user time: 1.98 seconds. CPU system time: 0.19 seconds. Elapsed time: 2.51 seconds; current allocated memory: 1014.094 MB.
INFO: [VHDL 208-304] Generating VHDL RTL for tiled_conv.
INFO: [VLOG 209-307] Generating Verilog RTL for tiled_conv.
INFO: [HLS 200-790] **** Loop Constraint Status: All loop constraints were NOT satisfied.
INFO: [HLS 200-789] **** Estimated Fmax: 136.99 MHz
INFO: [HLS 200-111] Finished Command csynth_design CPU user time: 35.33 seconds. CPU system time: 4.5 seconds. Elapsed time: 44.55 seconds; current allocated memory: 253.980 MB.
INFO: [HLS 200-1510] Running: export_design -format ip_catalog 
INFO: [IMPL 213-8] Exporting RTL as a Vivado IP.

****** Vivado v2022.1.2 (64-bit)
  **** SW Build 3605665 on Fri Aug  5 22:52:02 MDT 2022
  **** IP Build 3603185 on Sat Aug  6 04:07:44 MDT 2022
    ** Copyright 1986-2022 Xilinx, Inc. All Rights Reserved.

source run_ippack.tcl -notrace
INFO: [IP_Flow 19-234] Refreshing IP repositories
INFO: [IP_Flow 19-1704] No user IP repositories specified
INFO: [IP_Flow 19-2313] Loaded Vivado IP repository '/tools/software/xilinx/Vivado/2022.1/data/ip'.
INFO: [Common 17-206] Exiting Vivado at Thu May  4 11:24:49 2023...
INFO: [HLS 200-802] Generated output file proj/solution1/impl/export.zip
INFO: [HLS 200-111] Finished Command export_design CPU user time: 20.39 seconds. CPU system time: 3.26 seconds. Elapsed time: 37.18 seconds; current allocated memory: 3.094 MB.
INFO: [HLS 200-112] Total CPU user time: 61.35 seconds. Total CPU system time: 9.21 seconds. Total elapsed time: 87.19 seconds; peak allocated memory: 1017.188 MB.
INFO: [Common 17-206] Exiting vitis_hls at Thu May  4 11:24:59 2023...
